<?xml version="1.0" encoding="UTF-8"?>
<!-- Generated by org.testng.reporters.JUnitReportReporter -->
<testsuite skipped="1" hostname="HIBAIP22088" name="tests.NewCustomerTest" tests="3" failures="0" timestamp="24 Oct 2017 10:19:54 GMT" time="39.043" errors="0">
  <testcase name="verifyNewCustomerPageLaunch" time="2.870" classname="tests.NewCustomerTest"/>
  <testcase name="verifyNewCustomerSubmitButton" time="36.173" classname="tests.NewCustomerTest"/>
  <testcase name="addMultiValidCustomers" classname="tests.NewCustomerTest">
    <skipped/>
  </testcase> <!-- addMultiValidCustomers -->
</testsuite> <!-- tests.NewCustomerTest -->
