<?xml version="1.0" encoding="UTF-8"?>
<!-- Generated by org.testng.reporters.JUnitReportReporter -->
<testsuite skipped="1" hostname="HIBAIP22088" name="tests.NewCustomerTest" tests="4" failures="0" timestamp="25 Oct 2017 09:38:10 GMT" time="18.515" errors="0">
  <testcase name="verifyNewCustomerPageLaunch" time="3.131" classname="tests.NewCustomerTest"/>
  <testcase name="verifyNewCustomerSubmitButton" time="12.552" classname="tests.NewCustomerTest"/>
  <testcase name="verificationOfErrorMessages" time="2.832" classname="tests.NewCustomerTest"/>
  <testcase name="addMultiValidCustomers" classname="tests.NewCustomerTest">
    <skipped/>
  </testcase> <!-- addMultiValidCustomers -->
</testsuite> <!-- tests.NewCustomerTest -->
