<?xml version="1.0" encoding="UTF-8"?>
<!-- Generated by org.testng.reporters.JUnitReportReporter -->
<testsuite skipped="1" hostname="user-PC" name="tests.NewCustomerTest" tests="3" failures="0" timestamp="23 Oct 2017 16:25:29 GMT" time="34.473" errors="0">
  <testcase name="verifyNewCustomerPageLaunch" time="4.557" classname="tests.NewCustomerTest"/>
  <testcase name="verifyNewCustomerSubmitButton" time="29.916" classname="tests.NewCustomerTest"/>
  <testcase name="addMultiValidCustomers" classname="tests.NewCustomerTest">
    <skipped/>
  </testcase> <!-- addMultiValidCustomers -->
</testsuite> <!-- tests.NewCustomerTest -->
