<?xml version="1.0" encoding="UTF-8"?>
<!-- Generated by org.testng.reporters.JUnitReportReporter -->
<testsuite skipped="1" hostname="HIBAIP22088" name="tests.LoginTest" tests="2" failures="0" timestamp="24 Oct 2017 10:13:38 GMT" time="3.963" errors="0">
  <testcase name="testLogin" time="3.963" classname="tests.LoginTest"/>
  <testcase name="testLogin2" classname="tests.LoginTest">
    <skipped/>
  </testcase> <!-- testLogin2 -->
</testsuite> <!-- tests.LoginTest -->
